<?xml version="1.0" encoding="UTF-8"?>
<!-- Generated by org.testng.reporters.JUnitXMLReporter -->
<testsuite ignored="2" hostname="DESKTOP-9JMNIGJ" failures="0" tests="3" name="Functional Tests" time="120.754" errors="0" timestamp="2026-02-23T17:31:09 IST">
  <testcase classname="com.shopezusa.tests.LoginTest" name="openBrowser" time="7.497"/>
  <testcase classname="com.shopezusa.tests.LoginTest" name="handleSigninOtp" time="68.908"/>
  <testcase classname="com.shopezusa.tests.AddToCartTest" name="verifyAddToCart" time="44.327"/>
  <testcase classname="com.shopezusa.base.BaseClass" name="@BeforeSuite setup" time="0.0">
    <ignored/>
  </testcase> <!-- @BeforeSuite setup -->
  <testcase classname="com.shopezusa.base.BaseClass" name="@AfterSuite quitBrowser" time="0.0">
    <ignored/>
  </testcase> <!-- @AfterSuite quitBrowser -->
</testsuite> <!-- Functional Tests -->
