<?xml version="1.0" encoding="UTF-8"?>
<!-- Generated by org.testng.reporters.JUnitXMLReporter -->
<testsuite ignored="0" hostname="DESKTOP-9JMNIGJ" failures="0" tests="3" name="Default test" time="15.137" errors="0" timestamp="2026-02-15T20:38:15 IST">
  <testcase classname="com.Assignment.Module8.dataDrivenLogin_1" name="loginTest" time="2.128"/>
  <testcase classname="com.Assignment.Module8.dataDrivenLogin_1" name="loginTest" time="2.112"/>
  <testcase classname="com.Assignment.Module8.dataDrivenLogin_1" name="loginTest" time="2.101"/>
</testsuite> <!-- Default test -->
