<?xml version="1.0" encoding="UTF-8"?>
<testng-results ignored="0" total="3" passed="3" failed="0" skipped="0">
  <reporter-output>
  </reporter-output>
  <suite started-at="2026-02-15T20:38:00 IST" name="Default suite" finished-at="2026-02-15T20:38:15 IST" duration-ms="15137">
    <groups>
    </groups>
    <test started-at="2026-02-15T20:38:00 IST" name="Default test" finished-at="2026-02-15T20:38:15 IST" duration-ms="15137">
      <class name="com.Assignment.Module8.dataDrivenLogin_1">
        <test-method is-config="true" signature="setup()[pri:0, instance:com.Assignment.Module8.dataDrivenLogin_1@16293aa2]" started-at="2026-02-15T20:38:01 IST" name="setup" finished-at="2026-02-15T20:38:02 IST" duration-ms="1764" status="PASS">
          <reporter-output>
          </reporter-output>
        </test-method> <!-- setup -->
        <test-method signature="loginTest(java.lang.String,java.lang.String)[pri:0, instance:com.Assignment.Module8.dataDrivenLogin_1@16293aa2]" started-at="2026-02-15T20:38:02 IST" name="loginTest" data-provider="getExcelData" finished-at="2026-02-15T20:38:04 IST" duration-ms="2128" status="PASS">
          <params>
            <param index="0">
              <value>
                <![CDATA[admin@gmail.com]]>
              </value>
            </param>
            <param index="1">
              <value>
                <![CDATA[admin123]]>
              </value>
            </param>
          </params>
          <reporter-output>
          </reporter-output>
        </test-method> <!-- loginTest -->
        <test-method is-config="true" signature="shutDown()[pri:0, instance:com.Assignment.Module8.dataDrivenLogin_1@16293aa2]" started-at="2026-02-15T20:38:04 IST" name="shutDown" finished-at="2026-02-15T20:38:05 IST" duration-ms="115" status="PASS">
          <reporter-output>
          </reporter-output>
        </test-method> <!-- shutDown -->
        <test-method is-config="true" signature="setup()[pri:0, instance:com.Assignment.Module8.dataDrivenLogin_1@16293aa2]" started-at="2026-02-15T20:38:05 IST" name="setup" finished-at="2026-02-15T20:38:08 IST" duration-ms="3089" status="PASS">
          <reporter-output>
          </reporter-output>
        </test-method> <!-- setup -->
        <test-method signature="loginTest(java.lang.String,java.lang.String)[pri:0, instance:com.Assignment.Module8.dataDrivenLogin_1@16293aa2]" started-at="2026-02-15T20:38:08 IST" name="loginTest" data-provider="getExcelData" finished-at="2026-02-15T20:38:10 IST" duration-ms="2112" status="PASS">
          <params>
            <param index="0">
              <value>
                <![CDATA[wronguser@gmail.com]]>
              </value>
            </param>
            <param index="1">
              <value>
                <![CDATA[wrongpass123]]>
              </value>
            </param>
          </params>
          <reporter-output>
          </reporter-output>
        </test-method> <!-- loginTest -->
        <test-method is-config="true" signature="shutDown()[pri:0, instance:com.Assignment.Module8.dataDrivenLogin_1@16293aa2]" started-at="2026-02-15T20:38:10 IST" name="shutDown" finished-at="2026-02-15T20:38:10 IST" duration-ms="121" status="PASS">
          <reporter-output>
          </reporter-output>
        </test-method> <!-- shutDown -->
        <test-method is-config="true" signature="setup()[pri:0, instance:com.Assignment.Module8.dataDrivenLogin_1@16293aa2]" started-at="2026-02-15T20:38:10 IST" name="setup" finished-at="2026-02-15T20:38:13 IST" duration-ms="3269" status="PASS">
          <reporter-output>
          </reporter-output>
        </test-method> <!-- setup -->
        <test-method signature="loginTest(java.lang.String,java.lang.String)[pri:0, instance:com.Assignment.Module8.dataDrivenLogin_1@16293aa2]" started-at="2026-02-15T20:38:13 IST" name="loginTest" data-provider="getExcelData" finished-at="2026-02-15T20:38:15 IST" duration-ms="2101" status="PASS">
          <params>
            <param index="0">
              <value>
                <![CDATA[guest@gmail.com]]>
              </value>
            </param>
            <param index="1">
              <value>
                <![CDATA[guest123]]>
              </value>
            </param>
          </params>
          <reporter-output>
          </reporter-output>
        </test-method> <!-- loginTest -->
        <test-method is-config="true" signature="shutDown()[pri:0, instance:com.Assignment.Module8.dataDrivenLogin_1@16293aa2]" started-at="2026-02-15T20:38:15 IST" name="shutDown" finished-at="2026-02-15T20:38:15 IST" duration-ms="130" status="PASS">
          <reporter-output>
          </reporter-output>
        </test-method> <!-- shutDown -->
        <test-method is-config="true" signature="syso()[pri:0, instance:com.Assignment.Module8.dataDrivenLogin_1@16293aa2]" started-at="2026-02-15T20:38:15 IST" name="syso" finished-at="2026-02-15T20:38:15 IST" duration-ms="1" status="PASS">
          <reporter-output>
          </reporter-output>
        </test-method> <!-- syso -->
      </class> <!-- com.Assignment.Module8.dataDrivenLogin_1 -->
    </test> <!-- Default test -->
  </suite> <!-- Default suite -->
</testng-results>
