<?xml version="1.0" encoding="UTF-8"?>
<testng-results ignored="0" total="3" passed="3" failed="0" skipped="0">
  <reporter-output>
  </reporter-output>
  <suite started-at="2026-02-23T17:29:08 IST" name="ShopEz Assessment Suite" finished-at="2026-02-23T17:31:09 IST" duration-ms="120754">
    <groups>
    </groups>
    <test started-at="2026-02-23T17:29:08 IST" name="Functional Tests" finished-at="2026-02-23T17:31:09 IST" duration-ms="120754">
      <class name="com.shopezusa.tests.LoginTest">
        <test-method is-config="true" signature="setup()[pri:0, instance:com.shopezusa.tests.LoginTest@6aba2b86]" started-at="2026-02-23T17:28:28 IST" name="setup" finished-at="2026-02-23T17:29:08 IST" duration-ms="40262" status="PASS">
          <reporter-output>
          </reporter-output>
        </test-method> <!-- setup -->
        <test-method signature="openBrowser()[pri:1, instance:com.shopezusa.tests.LoginTest@6aba2b86]" started-at="2026-02-23T17:29:08 IST" name="openBrowser" finished-at="2026-02-23T17:29:15 IST" duration-ms="7497" status="PASS">
          <reporter-output>
          </reporter-output>
        </test-method> <!-- openBrowser -->
        <test-method signature="handleSigninOtp()[pri:2, instance:com.shopezusa.tests.LoginTest@6aba2b86]" started-at="2026-02-23T17:29:15 IST" name="handleSigninOtp" finished-at="2026-02-23T17:30:24 IST" duration-ms="68908" status="PASS">
          <reporter-output>
          </reporter-output>
        </test-method> <!-- handleSigninOtp -->
        <test-method is-config="true" signature="quitBrowser()[pri:0, instance:com.shopezusa.tests.LoginTest@6aba2b86]" started-at="2026-02-23T17:31:09 IST" name="quitBrowser" finished-at="2026-02-23T17:31:09 IST" duration-ms="270" status="PASS">
          <reporter-output>
          </reporter-output>
        </test-method> <!-- quitBrowser -->
      </class> <!-- com.shopezusa.tests.LoginTest -->
      <class name="com.shopezusa.tests.AddToCartTest">
        <test-method signature="verifyAddToCart()[pri:3, instance:com.shopezusa.tests.AddToCartTest@3bb9a3ff]" started-at="2026-02-23T17:30:24 IST" name="verifyAddToCart" finished-at="2026-02-23T17:31:09 IST" duration-ms="44327" status="PASS">
          <reporter-output>
          </reporter-output>
        </test-method> <!-- verifyAddToCart -->
      </class> <!-- com.shopezusa.tests.AddToCartTest -->
    </test> <!-- Functional Tests -->
  </suite> <!-- ShopEz Assessment Suite -->
</testng-results>
