<?xml version="1.0" encoding="UTF-8"?>
<!-- Generated by org.testng.reporters.JUnitReportReporter -->
<testsuite hostname="DESKTOP-9JMNIGJ" failures="0" tests="2" name="com.shopezusa.tests.LoginTest" time="76.405" errors="0" timestamp="2026-02-23T17:31:09 IST" skipped="0">
  <testcase classname="com.shopezusa.tests.LoginTest" name="openBrowser" time="7.497"/>
  <testcase classname="com.shopezusa.tests.LoginTest" name="handleSigninOtp" time="68.908"/>
</testsuite> <!-- com.shopezusa.tests.LoginTest -->
