<?xml version="1.0" encoding="UTF-8"?>
<!-- Generated by org.testng.reporters.JUnitReportReporter -->
<testsuite hostname="DESKTOP-9JMNIGJ" failures="0" tests="3" name="com.Assignment.Module8.dataDrivenLogin_1" time="14.829" errors="0" timestamp="2026-02-15T20:38:15 IST" skipped="0">
  <testcase classname="com.Assignment.Module8.dataDrivenLogin_1" name="loginTest" time="5.332"/>
  <testcase classname="com.Assignment.Module8.dataDrivenLogin_1" name="loginTest" time="5.502"/>
  <testcase classname="com.Assignment.Module8.dataDrivenLogin_1" name="loginTest" time="3.995"/>
</testsuite> <!-- com.Assignment.Module8.dataDrivenLogin_1 -->
